<?xml version="1.0" encoding="UTF-8"?>
<!-- Generated by org.testng.reporters.JUnitXMLReporter -->
<testsuite ignored="0" hostname="CNZ21MAC15.fritz.box" failures="0" tests="3" name="Shuttle Rock Test" time="14.554" errors="0" timestamp="05 Sep 2021 05:07:28 GMT">
  <testcase classname="tests.HomePageTest" name="pageValidation" time="5.157"/>
  <testcase classname="tests.HomePageTest" name="positiveTests" time="3.948"/>
  <testcase classname="tests.HomePageTest" name="negativeTests" time="5.201"/>
</testsuite> <!-- Shuttle Rock Test -->
