<?xml version="1.0" encoding="UTF-8"?>
<testng-results ignored="0" total="3" passed="3" failed="0" skipped="0">
  <reporter-output>
  </reporter-output>
  <suite started-at="2021-09-05T05:07:14Z" name="testSuite" finished-at="2021-09-05T05:07:28Z" duration-ms="14554">
    <groups>
    </groups>
    <test started-at="2021-09-05T05:07:14Z" name="Shuttle Rock Test" finished-at="2021-09-05T05:07:28Z" duration-ms="14554">
      <class name="tests.HomePageTest">
        <test-method is-config="true" signature="beforeSuite(java.lang.String)[pri:0, instance:tests.HomePageTest@6ae5aa72]" started-at="2021-09-05T05:07:09Z" name="beforeSuite" finished-at="2021-09-05T05:07:14Z" duration-ms="4820" status="PASS">
          <params>
            <param index="0">
              <value>
                <![CDATA[chrome]]>
              </value>
            </param>
          </params>
          <reporter-output>
          </reporter-output>
        </test-method> <!-- beforeSuite -->
        <test-method is-config="true" signature="beforeMethod(java.lang.reflect.Method)[pri:0, instance:tests.HomePageTest@6ae5aa72]" started-at="2021-09-05T05:07:14Z" name="beforeMethod" finished-at="2021-09-05T05:07:14Z" duration-ms="238" status="PASS">
          <params>
            <param index="0">
              <value>
                <![CDATA[public void tests.HomePageTest.pageValidation() throws java.lang.Exception]]>
              </value>
            </param>
          </params>
          <reporter-output>
          </reporter-output>
        </test-method> <!-- beforeMethod -->
        <test-method signature="pageValidation()[pri:0, instance:tests.HomePageTest@6ae5aa72]" started-at="2021-09-05T05:07:14Z" name="pageValidation" finished-at="2021-09-05T05:07:19Z" duration-ms="5157" status="PASS">
          <reporter-output>
          </reporter-output>
        </test-method> <!-- pageValidation -->
        <test-method is-config="true" signature="afterMethod()[pri:0, instance:tests.HomePageTest@6ae5aa72]" started-at="2021-09-05T05:07:19Z" name="afterMethod" finished-at="2021-09-05T05:07:19Z" duration-ms="1" status="PASS">
          <reporter-output>
          </reporter-output>
        </test-method> <!-- afterMethod -->
        <test-method signature="positiveTests()[pri:1, instance:tests.HomePageTest@6ae5aa72]" started-at="2021-09-05T05:07:19Z" name="positiveTests" finished-at="2021-09-05T05:07:23Z" duration-ms="3948" status="PASS">
          <reporter-output>
          </reporter-output>
        </test-method> <!-- positiveTests -->
        <test-method is-config="true" signature="beforeMethod(java.lang.reflect.Method)[pri:0, instance:tests.HomePageTest@6ae5aa72]" started-at="2021-09-05T05:07:19Z" name="beforeMethod" finished-at="2021-09-05T05:07:19Z" duration-ms="0" status="PASS">
          <params>
            <param index="0">
              <value>
                <![CDATA[public void tests.HomePageTest.positiveTests() throws java.lang.Exception]]>
              </value>
            </param>
          </params>
          <reporter-output>
          </reporter-output>
        </test-method> <!-- beforeMethod -->
        <test-method is-config="true" signature="afterMethod()[pri:0, instance:tests.HomePageTest@6ae5aa72]" started-at="2021-09-05T05:07:23Z" name="afterMethod" finished-at="2021-09-05T05:07:23Z" duration-ms="0" status="PASS">
          <reporter-output>
          </reporter-output>
        </test-method> <!-- afterMethod -->
        <test-method is-config="true" signature="beforeMethod(java.lang.reflect.Method)[pri:0, instance:tests.HomePageTest@6ae5aa72]" started-at="2021-09-05T05:07:23Z" name="beforeMethod" finished-at="2021-09-05T05:07:23Z" duration-ms="0" status="PASS">
          <params>
            <param index="0">
              <value>
                <![CDATA[public void tests.HomePageTest.negativeTests() throws java.lang.Exception]]>
              </value>
            </param>
          </params>
          <reporter-output>
          </reporter-output>
        </test-method> <!-- beforeMethod -->
        <test-method signature="negativeTests()[pri:2, instance:tests.HomePageTest@6ae5aa72]" started-at="2021-09-05T05:07:23Z" name="negativeTests" finished-at="2021-09-05T05:07:28Z" duration-ms="5201" status="PASS">
          <reporter-output>
          </reporter-output>
        </test-method> <!-- negativeTests -->
        <test-method is-config="true" signature="afterMethod()[pri:0, instance:tests.HomePageTest@6ae5aa72]" started-at="2021-09-05T05:07:28Z" name="afterMethod" finished-at="2021-09-05T05:07:28Z" duration-ms="1" status="PASS">
          <reporter-output>
          </reporter-output>
        </test-method> <!-- afterMethod -->
        <test-method is-config="true" signature="afterSuite()[pri:0, instance:tests.HomePageTest@6ae5aa72]" started-at="2021-09-05T05:07:28Z" name="afterSuite" finished-at="2021-09-05T05:07:28Z" duration-ms="87" status="PASS">
          <reporter-output>
          </reporter-output>
        </test-method> <!-- afterSuite -->
      </class> <!-- tests.HomePageTest -->
    </test> <!-- Shuttle Rock Test -->
  </suite> <!-- testSuite -->
</testng-results>
