<?xml version="1.0" encoding="UTF-8"?>
<testng-results ignored="0" total="3" passed="3" failed="0" skipped="0">
  <reporter-output>
  </reporter-output>
  <suite started-at="2021-09-05T04:33:30Z" name="testSuite" finished-at="2021-09-05T04:33:44Z" duration-ms="14270">
    <groups>
    </groups>
    <test started-at="2021-09-05T04:33:30Z" name="Shuttle Rock Test" finished-at="2021-09-05T04:33:44Z" duration-ms="14270">
      <class name="tests.HomePageTest">
        <test-method is-config="true" signature="beforeSuite(java.lang.String)[pri:0, instance:tests.HomePageTest@1ed1993a]" started-at="2021-09-05T04:33:25Z" name="beforeSuite" finished-at="2021-09-05T04:33:30Z" duration-ms="4760" status="PASS">
          <params>
            <param index="0">
              <value>
                <![CDATA[chrome]]>
              </value>
            </param>
          </params>
          <reporter-output>
          </reporter-output>
        </test-method> <!-- beforeSuite -->
        <test-method is-config="true" signature="beforeMethod(java.lang.reflect.Method)[pri:0, instance:tests.HomePageTest@1ed1993a]" started-at="2021-09-05T04:33:30Z" name="beforeMethod" finished-at="2021-09-05T04:33:30Z" duration-ms="241" status="PASS">
          <params>
            <param index="0">
              <value>
                <![CDATA[public void tests.HomePageTest.pageValidation() throws java.lang.Exception]]>
              </value>
            </param>
          </params>
          <reporter-output>
          </reporter-output>
        </test-method> <!-- beforeMethod -->
        <test-method signature="pageValidation()[pri:0, instance:tests.HomePageTest@1ed1993a]" started-at="2021-09-05T04:33:30Z" name="pageValidation" finished-at="2021-09-05T04:33:35Z" duration-ms="5181" status="PASS">
          <reporter-output>
          </reporter-output>
        </test-method> <!-- pageValidation -->
        <test-method is-config="true" signature="afterMethod()[pri:0, instance:tests.HomePageTest@1ed1993a]" started-at="2021-09-05T04:33:35Z" name="afterMethod" finished-at="2021-09-05T04:33:35Z" duration-ms="0" status="PASS">
          <reporter-output>
          </reporter-output>
        </test-method> <!-- afterMethod -->
        <test-method is-config="true" signature="beforeMethod(java.lang.reflect.Method)[pri:0, instance:tests.HomePageTest@1ed1993a]" started-at="2021-09-05T04:33:35Z" name="beforeMethod" finished-at="2021-09-05T04:33:35Z" duration-ms="1" status="PASS">
          <params>
            <param index="0">
              <value>
                <![CDATA[public void tests.HomePageTest.positiveTests() throws java.lang.Exception]]>
              </value>
            </param>
          </params>
          <reporter-output>
          </reporter-output>
        </test-method> <!-- beforeMethod -->
        <test-method signature="positiveTests()[pri:1, instance:tests.HomePageTest@1ed1993a]" started-at="2021-09-05T04:33:35Z" name="positiveTests" finished-at="2021-09-05T04:33:39Z" duration-ms="3823" status="PASS">
          <reporter-output>
          </reporter-output>
        </test-method> <!-- positiveTests -->
        <test-method is-config="true" signature="beforeMethod(java.lang.reflect.Method)[pri:0, instance:tests.HomePageTest@1ed1993a]" started-at="2021-09-05T04:33:39Z" name="beforeMethod" finished-at="2021-09-05T04:33:39Z" duration-ms="1" status="PASS">
          <params>
            <param index="0">
              <value>
                <![CDATA[public void tests.HomePageTest.negativeTests() throws java.lang.Exception]]>
              </value>
            </param>
          </params>
          <reporter-output>
          </reporter-output>
        </test-method> <!-- beforeMethod -->
        <test-method is-config="true" signature="afterMethod()[pri:0, instance:tests.HomePageTest@1ed1993a]" started-at="2021-09-05T04:33:39Z" name="afterMethod" finished-at="2021-09-05T04:33:39Z" duration-ms="0" status="PASS">
          <reporter-output>
          </reporter-output>
        </test-method> <!-- afterMethod -->
        <test-method signature="negativeTests()[pri:2, instance:tests.HomePageTest@1ed1993a]" started-at="2021-09-05T04:33:39Z" name="negativeTests" finished-at="2021-09-05T04:33:44Z" duration-ms="5014" status="PASS">
          <reporter-output>
          </reporter-output>
        </test-method> <!-- negativeTests -->
        <test-method is-config="true" signature="afterMethod()[pri:0, instance:tests.HomePageTest@1ed1993a]" started-at="2021-09-05T04:33:44Z" name="afterMethod" finished-at="2021-09-05T04:33:44Z" duration-ms="0" status="PASS">
          <reporter-output>
          </reporter-output>
        </test-method> <!-- afterMethod -->
        <test-method is-config="true" signature="afterSuite()[pri:0, instance:tests.HomePageTest@1ed1993a]" started-at="2021-09-05T04:33:44Z" name="afterSuite" finished-at="2021-09-05T04:33:44Z" duration-ms="82" status="PASS">
          <reporter-output>
          </reporter-output>
        </test-method> <!-- afterSuite -->
      </class> <!-- tests.HomePageTest -->
    </test> <!-- Shuttle Rock Test -->
  </suite> <!-- testSuite -->
</testng-results>
