<?xml version="1.0" encoding="UTF-8"?>
<!-- Generated by org.testng.reporters.JUnitXMLReporter -->
<testsuite ignored="0" hostname="CNZ21MAC15.fritz.box" failures="0" tests="3" name="Shuttle Rock Test" time="14.27" errors="0" timestamp="05 Sep 2021 04:33:44 GMT">
  <testcase classname="tests.HomePageTest" name="pageValidation" time="5.181"/>
  <testcase classname="tests.HomePageTest" name="positiveTests" time="3.823"/>
  <testcase classname="tests.HomePageTest" name="negativeTests" time="5.014"/>
</testsuite> <!-- Shuttle Rock Test -->
